{
  "Cucumber Features": {
    "coverage": {
      "/home/saasbook/Documents/hw4_rottenpotatoes/app/controllers/application_controller.rb": [
        1,
        1,
        null
      ],
      "/home/saasbook/Documents/hw4_rottenpotatoes/app/helpers/application_helper.rb": [
        1,
        null
      ],
      "/home/saasbook/Documents/hw4_rottenpotatoes/app/helpers/movies_helper.rb": [
        1,
        null,
        1,
        0,
        null,
        null
      ],
      "/home/saasbook/Documents/hw4_rottenpotatoes/app/controllers/movies_controller.rb": [
        1,
        null,
        1,
        4,
        4,
        null,
        null,
        null,
        1,
        2,
        2,
        1,
        1,
        null,
        1,
        null,
        null,
        1,
        29,
        29,
        null,
        2,
        null,
        2,
        null,
        29,
        29,
        null,
        29,
        78,
        null,
        null,
        29,
        2,
        2,
        2,
        null,
        null,
        27,
        6,
        6,
        6,
        6,
        null,
        21,
        null,
        null,
        1,
        null,
        null,
        null,
        1,
        2,
        2,
        2,
        null,
        null,
        1,
        1,
        null,
        null,
        1,
        1,
        1,
        1,
        1,
        null,
        null,
        1,
        1,
        1,
        1,
        1,
        null,
        null,
        null
      ],
      "/home/saasbook/Documents/hw4_rottenpotatoes/app/models/movie.rb": [
        1,
        null,
        1,
        29,
        null,
        null,
        1,
        1,
        null,
        null
      ]
    },
    "timestamp": 1351179078
  },
  "RSpec": {
    "coverage": {
    },
    "timestamp": 1351177211
  }
}
